2024-10-27 22:13:06,929 - URBasic_realTimeClientEvent - ERROR - RTC connecting
2024-10-27 22:13:07,930 - URBasic_realTimeClientEvent - ERROR - RTC connecting
2024-10-27 22:13:08,931 - URBasic_realTimeClientEvent - ERROR - RTC connecting
2024-10-27 22:13:09,932 - URBasic_realTimeClientEvent - ERROR - RTC connecting
2024-10-27 22:13:10,932 - URBasic_realTimeClientEvent - ERROR - RTC connecting
2024-10-27 22:13:11,933 - URBasic_realTimeClientEvent - ERROR - RTC connecting
2024-10-27 22:13:12,934 - URBasic_realTimeClientEvent - ERROR - RTC connecting
2024-10-27 22:13:13,934 - URBasic_realTimeClientEvent - ERROR - RTC connecting
2024-10-27 22:13:14,936 - URBasic_realTimeClientEvent - ERROR - RTC connecting
2024-10-27 22:13:15,936 - URBasic_realTimeClientEvent - ERROR - RTC connecting
2024-10-27 22:13:16,938 - URBasic_realTimeClientEvent - ERROR - RTC connecting
2024-10-27 22:13:17,939 - URBasic_realTimeClientEvent - ERROR - RTC connecting
2024-10-27 22:13:18,939 - URBasic_realTimeClientEvent - ERROR - RTC connecting
2024-10-27 22:13:19,940 - URBasic_realTimeClientEvent - ERROR - RTC connecting
2024-10-27 22:13:20,940 - URBasic_realTimeClientEvent - ERROR - RTC connecting
2024-10-27 22:13:21,941 - URBasic_realTimeClientEvent - ERROR - RTC connecting
2024-10-27 22:13:22,942 - URBasic_realTimeClientEvent - ERROR - RTC connecting
2024-10-27 22:13:23,942 - URBasic_realTimeClientEvent - ERROR - RTC connecting
2024-10-27 22:13:24,943 - URBasic_realTimeClientEvent - ERROR - RTC connecting
2024-10-27 22:13:25,944 - URBasic_realTimeClientEvent - ERROR - RTC connecting
2024-10-27 22:13:26,945 - URBasic_realTimeClientEvent - ERROR - RTC connecting
2024-10-27 22:13:27,946 - URBasic_realTimeClientEvent - ERROR - RTC connecting
2024-10-27 22:13:28,947 - URBasic_realTimeClientEvent - ERROR - RTC connecting
2024-10-27 22:13:29,948 - URBasic_realTimeClientEvent - ERROR - RTC connecting
2024-10-27 22:13:30,949 - URBasic_realTimeClientEvent - ERROR - RTC connecting
2024-10-27 22:13:31,950 - URBasic_realTimeClientEvent - ERROR - RTC connecting
2024-10-27 22:13:32,951 - URBasic_realTimeClientEvent - ERROR - RTC connecting
2024-10-27 22:13:33,951 - URBasic_realTimeClientEvent - ERROR - RTC connecting
2024-10-27 22:13:34,953 - URBasic_realTimeClientEvent - ERROR - RTC connecting
2024-10-27 22:13:35,954 - URBasic_realTimeClientEvent - ERROR - RTC connecting
2024-10-27 22:13:36,955 - URBasic_realTimeClientEvent - ERROR - RTC connecting
2024-10-27 22:13:37,955 - URBasic_realTimeClientEvent - ERROR - RTC connecting
2024-10-27 22:13:38,956 - URBasic_realTimeClientEvent - ERROR - RTC connecting
2024-10-27 22:13:39,956 - URBasic_realTimeClientEvent - ERROR - RTC connecting
2024-10-27 22:13:40,957 - URBasic_realTimeClientEvent - ERROR - RTC connecting
2024-10-27 22:13:41,958 - URBasic_realTimeClientEvent - ERROR - RTC connecting
2024-10-27 22:13:42,959 - URBasic_realTimeClientEvent - ERROR - RTC connecting
2024-10-27 22:13:43,960 - URBasic_realTimeClientEvent - ERROR - RTC connecting
2024-10-27 22:13:44,961 - URBasic_realTimeClientEvent - ERROR - RTC connecting
2024-10-27 22:13:45,961 - URBasic_realTimeClientEvent - ERROR - RTC connecting
2024-10-27 22:13:46,962 - URBasic_realTimeClientEvent - ERROR - RTC connecting
2024-10-27 22:13:47,962 - URBasic_realTimeClientEvent - ERROR - RTC connecting
2024-10-27 22:13:48,963 - URBasic_realTimeClientEvent - ERROR - RTC connecting
2024-10-27 22:13:49,964 - URBasic_realTimeClientEvent - ERROR - RTC connecting
2024-10-27 22:13:50,965 - URBasic_realTimeClientEvent - ERROR - RTC connecting
2024-10-27 22:13:51,967 - URBasic_realTimeClientEvent - ERROR - RTC connecting
2024-10-27 22:13:52,967 - URBasic_realTimeClientEvent - ERROR - RTC connecting
2024-10-27 22:13:53,968 - URBasic_realTimeClientEvent - ERROR - RTC connecting
2024-10-27 22:13:54,970 - URBasic_realTimeClientEvent - ERROR - RTC connecting
2024-10-27 22:13:55,970 - URBasic_realTimeClientEvent - ERROR - RTC connecting
2024-10-27 22:13:56,971 - URBasic_realTimeClientEvent - ERROR - RTC connecting
2024-10-27 22:13:57,971 - URBasic_realTimeClientEvent - ERROR - RTC connecting
2024-10-27 22:13:58,971 - URBasic_realTimeClientEvent - ERROR - RTC connecting
2024-10-27 22:13:59,971 - URBasic_realTimeClientEvent - ERROR - RTC connecting
2024-10-27 22:14:00,971 - URBasic_realTimeClientEvent - ERROR - RTC connecting
2024-10-27 22:14:01,972 - URBasic_realTimeClientEvent - ERROR - RTC connecting
2024-10-27 22:14:02,972 - URBasic_realTimeClientEvent - ERROR - RTC connecting
2024-10-27 22:14:03,974 - URBasic_realTimeClientEvent - ERROR - RTC connecting
2024-10-27 22:14:04,975 - URBasic_realTimeClientEvent - ERROR - RTC connecting
2024-10-27 22:14:05,975 - URBasic_realTimeClientEvent - ERROR - RTC connecting
2024-10-27 22:14:07,978 - URBasic_dashboardEvent - ERROR - Dashboard connecting
2024-10-27 22:14:09,980 - URBasic_dashboardEvent - ERROR - Dashboard connecting
2024-10-27 22:14:11,981 - URBasic_dashboardEvent - ERROR - Dashboard connecting
2024-10-27 22:14:13,982 - URBasic_dashboardEvent - ERROR - Dashboard connecting
2024-10-27 22:14:15,984 - URBasic_dashboardEvent - ERROR - Dashboard connecting
2024-10-27 22:14:17,985 - URBasic_dashboardEvent - ERROR - Dashboard connecting
2024-10-27 22:14:19,987 - URBasic_dashboardEvent - ERROR - Dashboard connecting
2024-10-27 22:14:21,988 - URBasic_dashboardEvent - ERROR - Dashboard connecting
2024-10-27 22:14:23,990 - URBasic_dashboardEvent - ERROR - Dashboard connecting
2024-10-27 22:14:25,992 - URBasic_dashboardEvent - ERROR - Dashboard connecting
2024-10-27 22:14:27,994 - URBasic_dashboardEvent - ERROR - Dashboard connecting
2024-10-27 22:14:29,995 - URBasic_dashboardEvent - ERROR - Dashboard connecting
2024-10-27 22:14:31,996 - URBasic_dashboardEvent - ERROR - Dashboard connecting
2024-10-27 22:14:33,998 - URBasic_dashboardEvent - ERROR - Dashboard connecting
2024-10-27 22:14:35,999 - URBasic_dashboardEvent - ERROR - Dashboard connecting
2024-10-27 22:14:38,001 - URBasic_dashboardEvent - ERROR - Dashboard connecting
2024-10-27 22:14:40,002 - URBasic_dashboardEvent - ERROR - Dashboard connecting
2024-10-27 22:14:42,003 - URBasic_dashboardEvent - ERROR - Dashboard connecting
2024-10-27 22:14:44,005 - URBasic_dashboardEvent - ERROR - Dashboard connecting
2024-10-27 22:14:46,007 - URBasic_dashboardEvent - ERROR - Dashboard connecting
2024-10-27 22:14:48,008 - URBasic_dashboardEvent - ERROR - Dashboard connecting
2024-10-27 22:14:50,009 - URBasic_dashboardEvent - ERROR - Dashboard connecting
2024-10-27 22:14:52,011 - URBasic_dashboardEvent - ERROR - Dashboard connecting
2024-10-27 22:14:54,012 - URBasic_dashboardEvent - ERROR - Dashboard connecting
2024-10-27 22:14:56,014 - URBasic_dashboardEvent - ERROR - Dashboard connecting
2024-10-27 22:14:58,016 - URBasic_dashboardEvent - ERROR - Dashboard connecting
2024-10-27 22:15:00,017 - URBasic_dashboardEvent - ERROR - Dashboard connecting
2024-10-27 22:15:02,017 - URBasic_dashboardEvent - ERROR - Dashboard connecting
2024-10-27 22:15:04,018 - URBasic_dashboardEvent - ERROR - Dashboard connecting
2024-10-27 22:15:06,020 - URBasic_dashboardEvent - ERROR - Dashboard connecting
2024-10-27 22:15:06,020 - URBasic_dashboardEvent - WARNING - UR Dashboard connection failed!
2024-10-27 22:15:06,022 - URBasic_dashboardEvent - ERROR - UR Dashboard interface not able to connect and timed out!
2024-10-27 22:16:46,345 - URBasic_realTimeClientEvent - ERROR - RTC connecting
2024-10-27 22:16:47,347 - URBasic_realTimeClientEvent - ERROR - RTC connecting
2024-10-27 22:16:48,348 - URBasic_realTimeClientEvent - ERROR - RTC connecting
2024-10-27 22:16:49,349 - URBasic_realTimeClientEvent - ERROR - RTC connecting
2024-10-27 22:16:50,351 - URBasic_realTimeClientEvent - ERROR - RTC connecting
2024-10-27 22:16:51,353 - URBasic_realTimeClientEvent - ERROR - RTC connecting
2024-10-27 22:16:52,354 - URBasic_realTimeClientEvent - ERROR - RTC connecting
2024-10-27 22:16:53,356 - URBasic_realTimeClientEvent - ERROR - RTC connecting
2024-10-27 22:16:54,357 - URBasic_realTimeClientEvent - ERROR - RTC connecting
2024-10-27 22:16:55,359 - URBasic_realTimeClientEvent - ERROR - RTC connecting
2024-10-27 22:16:56,360 - URBasic_realTimeClientEvent - ERROR - RTC connecting
2024-10-27 22:16:57,360 - URBasic_realTimeClientEvent - ERROR - RTC connecting
2024-10-27 22:16:58,361 - URBasic_realTimeClientEvent - ERROR - RTC connecting
2024-10-27 22:16:59,363 - URBasic_realTimeClientEvent - ERROR - RTC connecting
2024-10-27 22:17:00,364 - URBasic_realTimeClientEvent - ERROR - RTC connecting
2024-10-27 22:17:01,366 - URBasic_realTimeClientEvent - ERROR - RTC connecting
2024-10-27 22:17:02,368 - URBasic_realTimeClientEvent - ERROR - RTC connecting
2024-10-27 22:17:03,369 - URBasic_realTimeClientEvent - ERROR - RTC connecting
2024-10-27 22:17:04,370 - URBasic_realTimeClientEvent - ERROR - RTC connecting
2024-10-27 22:17:05,371 - URBasic_realTimeClientEvent - ERROR - RTC connecting
2024-10-27 22:17:06,372 - URBasic_realTimeClientEvent - ERROR - RTC connecting
2024-10-27 22:17:07,374 - URBasic_realTimeClientEvent - ERROR - RTC connecting
2024-10-27 22:17:08,375 - URBasic_realTimeClientEvent - ERROR - RTC connecting
2024-10-27 22:17:09,377 - URBasic_realTimeClientEvent - ERROR - RTC connecting
2024-10-27 22:17:10,379 - URBasic_realTimeClientEvent - ERROR - RTC connecting
2024-10-27 22:17:11,380 - URBasic_realTimeClientEvent - ERROR - RTC connecting
2024-10-27 22:17:12,382 - URBasic_realTimeClientEvent - ERROR - RTC connecting
2024-10-27 22:17:13,382 - URBasic_realTimeClientEvent - ERROR - RTC connecting
2024-10-27 22:17:14,383 - URBasic_realTimeClientEvent - ERROR - RTC connecting
2024-10-27 22:17:15,384 - URBasic_realTimeClientEvent - ERROR - RTC connecting
2024-10-27 22:17:16,385 - URBasic_realTimeClientEvent - ERROR - RTC connecting
2024-10-27 22:17:17,385 - URBasic_realTimeClientEvent - ERROR - RTC connecting
2024-10-27 22:17:18,386 - URBasic_realTimeClientEvent - ERROR - RTC connecting
2024-10-27 22:23:09,588 - URBasic_realTimeClientEvent - ERROR - RTC connecting
2024-10-27 22:23:10,589 - URBasic_realTimeClientEvent - ERROR - RTC connecting
2024-10-27 22:23:11,591 - URBasic_realTimeClientEvent - ERROR - RTC connecting
2024-10-27 22:23:12,592 - URBasic_realTimeClientEvent - ERROR - RTC connecting
2024-10-27 22:23:13,594 - URBasic_realTimeClientEvent - ERROR - RTC connecting
2024-10-27 22:23:14,595 - URBasic_realTimeClientEvent - ERROR - RTC connecting
2024-10-27 22:23:15,596 - URBasic_realTimeClientEvent - ERROR - RTC connecting
2024-10-27 22:23:16,597 - URBasic_realTimeClientEvent - ERROR - RTC connecting
2024-10-27 22:23:17,597 - URBasic_realTimeClientEvent - ERROR - RTC connecting
2024-10-27 22:23:18,599 - URBasic_realTimeClientEvent - ERROR - RTC connecting
2024-10-27 22:23:19,599 - URBasic_realTimeClientEvent - ERROR - RTC connecting
2024-10-27 22:23:20,601 - URBasic_realTimeClientEvent - ERROR - RTC connecting
2024-10-27 22:23:21,602 - URBasic_realTimeClientEvent - ERROR - RTC connecting
2024-10-27 22:23:22,603 - URBasic_realTimeClientEvent - ERROR - RTC connecting
2024-10-27 22:23:23,605 - URBasic_realTimeClientEvent - ERROR - RTC connecting
2024-10-27 22:23:24,607 - URBasic_realTimeClientEvent - ERROR - RTC connecting
2024-10-27 22:23:25,609 - URBasic_realTimeClientEvent - ERROR - RTC connecting
2024-10-27 22:23:26,610 - URBasic_realTimeClientEvent - ERROR - RTC connecting
2024-10-27 22:23:27,611 - URBasic_realTimeClientEvent - ERROR - RTC connecting
2024-10-27 22:23:28,613 - URBasic_realTimeClientEvent - ERROR - RTC connecting
2024-10-27 22:23:29,614 - URBasic_realTimeClientEvent - ERROR - RTC connecting
2024-10-27 22:23:30,616 - URBasic_realTimeClientEvent - ERROR - RTC connecting
2024-10-27 22:23:31,616 - URBasic_realTimeClientEvent - ERROR - RTC connecting
2024-10-27 22:23:32,618 - URBasic_realTimeClientEvent - ERROR - RTC connecting
2024-10-27 22:23:33,618 - URBasic_realTimeClientEvent - ERROR - RTC connecting
2024-10-27 22:23:34,619 - URBasic_realTimeClientEvent - ERROR - RTC connecting
2024-10-27 22:23:35,620 - URBasic_realTimeClientEvent - ERROR - RTC connecting
2024-10-27 22:23:36,621 - URBasic_realTimeClientEvent - ERROR - RTC connecting
2024-10-27 22:23:37,623 - URBasic_realTimeClientEvent - ERROR - RTC connecting
2024-10-27 22:23:38,623 - URBasic_realTimeClientEvent - ERROR - RTC connecting
2024-10-27 22:23:39,625 - URBasic_realTimeClientEvent - ERROR - RTC connecting
2024-10-27 22:23:40,625 - URBasic_realTimeClientEvent - ERROR - RTC connecting
2024-10-27 22:23:41,625 - URBasic_realTimeClientEvent - ERROR - RTC connecting
2024-10-27 22:23:42,626 - URBasic_realTimeClientEvent - ERROR - RTC connecting
2024-10-27 22:23:43,627 - URBasic_realTimeClientEvent - ERROR - RTC connecting
2024-10-27 22:23:44,629 - URBasic_realTimeClientEvent - ERROR - RTC connecting
2024-10-27 22:23:45,630 - URBasic_realTimeClientEvent - ERROR - RTC connecting
2024-10-27 22:23:46,630 - URBasic_realTimeClientEvent - ERROR - RTC connecting
2024-10-27 22:23:47,631 - URBasic_realTimeClientEvent - ERROR - RTC connecting
2024-10-27 22:23:48,631 - URBasic_realTimeClientEvent - ERROR - RTC connecting
2024-10-27 22:23:49,632 - URBasic_realTimeClientEvent - ERROR - RTC connecting
2024-10-27 22:23:50,632 - URBasic_realTimeClientEvent - ERROR - RTC connecting
2024-10-27 22:23:51,634 - URBasic_realTimeClientEvent - ERROR - RTC connecting
2024-10-27 22:23:52,634 - URBasic_realTimeClientEvent - ERROR - RTC connecting
2024-10-27 22:23:53,636 - URBasic_realTimeClientEvent - ERROR - RTC connecting
2024-10-27 22:23:54,636 - URBasic_realTimeClientEvent - ERROR - RTC connecting
2024-10-27 22:23:55,636 - URBasic_realTimeClientEvent - ERROR - RTC connecting
2024-10-27 22:23:56,637 - URBasic_realTimeClientEvent - ERROR - RTC connecting
2024-10-27 22:23:57,638 - URBasic_realTimeClientEvent - ERROR - RTC connecting
2024-10-27 22:23:58,638 - URBasic_realTimeClientEvent - ERROR - RTC connecting
2024-10-27 22:23:59,640 - URBasic_realTimeClientEvent - ERROR - RTC connecting
2024-10-27 22:24:00,642 - URBasic_realTimeClientEvent - ERROR - RTC connecting
2024-10-27 22:24:01,642 - URBasic_realTimeClientEvent - ERROR - RTC connecting
2024-10-27 22:24:02,643 - URBasic_realTimeClientEvent - ERROR - RTC connecting
2024-10-27 22:24:03,645 - URBasic_realTimeClientEvent - ERROR - RTC connecting
2024-10-27 22:24:04,646 - URBasic_realTimeClientEvent - ERROR - RTC connecting
2024-10-27 22:24:05,646 - URBasic_realTimeClientEvent - ERROR - RTC connecting
2024-10-27 22:24:06,647 - URBasic_realTimeClientEvent - ERROR - RTC connecting
2024-10-27 22:24:07,647 - URBasic_realTimeClientEvent - ERROR - RTC connecting
2024-10-27 22:24:08,648 - URBasic_realTimeClientEvent - ERROR - RTC connecting
2024-10-27 22:24:10,653 - URBasic_dashboardEvent - ERROR - Dashboard connecting
2024-10-27 22:24:12,655 - URBasic_dashboardEvent - ERROR - Dashboard connecting
2024-10-27 22:24:14,657 - URBasic_dashboardEvent - ERROR - Dashboard connecting
2024-10-27 22:24:16,658 - URBasic_dashboardEvent - ERROR - Dashboard connecting
2024-10-27 22:24:18,660 - URBasic_dashboardEvent - ERROR - Dashboard connecting
2024-10-27 22:24:20,662 - URBasic_dashboardEvent - ERROR - Dashboard connecting
2024-10-27 22:24:22,663 - URBasic_dashboardEvent - ERROR - Dashboard connecting
2024-10-27 22:24:24,667 - URBasic_dashboardEvent - ERROR - Dashboard connecting
2024-10-27 22:24:26,668 - URBasic_dashboardEvent - ERROR - Dashboard connecting
2024-10-27 22:24:28,668 - URBasic_dashboardEvent - ERROR - Dashboard connecting
2024-10-27 22:24:30,670 - URBasic_dashboardEvent - ERROR - Dashboard connecting
2024-10-27 22:24:33,390 - URBasic_dashboardEvent - ERROR - Dashboard connecting
2024-10-27 22:24:35,393 - URBasic_dashboardEvent - ERROR - Dashboard connecting
2024-10-27 22:24:37,394 - URBasic_dashboardEvent - ERROR - Dashboard connecting
2024-10-27 22:24:39,395 - URBasic_dashboardEvent - ERROR - Dashboard connecting
2024-10-27 22:24:41,397 - URBasic_dashboardEvent - ERROR - Dashboard connecting
2024-10-30 00:11:37,100 - URBasic_realTimeClientEvent - ERROR - SendProgram: Program Stopped but not finiched!!!
2024-10-30 10:58:42,297 - URBasic_rtdeEvent - ERROR - Lost some RTDE at 560.784 - 104.00000000004184 milliseconds since last package
2024-11-26 23:50:35,041 - URBasic_realTimeClientEvent - ERROR - sendProgram: Program not able to run
2024-11-26 23:50:35,751 - URBasic_realTimeClientEvent - ERROR - sendProgram: Program not able to run
2024-11-26 23:50:42,351 - URBasic_rtdeEvent - ERROR - Lost some RTDE at 98.868 - 10.000000000005116 milliseconds since last package
2024-11-26 23:55:18,679 - URBasic_realTimeClientEvent - ERROR - SendProgram: Program Stopped but not finiched!!!
2024-11-26 23:55:25,881 - URBasic_rtdeEvent - ERROR - Lost some RTDE at 98.984 - 10.000000000005116 milliseconds since last package
2024-11-26 23:55:39,881 - URBasic_rtdeEvent - ERROR - Lost some RTDE at 109.872 - 10.000000000005116 milliseconds since last package
2024-11-26 23:56:03,979 - URBasic_realTimeClientEvent - ERROR - SendProgram: Program Stopped but not finiched!!!
2024-11-26 23:56:35,551 - URBasic_realTimeClientEvent - ERROR - SendProgram: Program Stopped but not finiched!!!
2024-11-26 23:56:51,880 - URBasic_rtdeEvent - ERROR - Lost some RTDE at 170.572 - 10.000000000019327 milliseconds since last package
2024-11-26 23:56:53,878 - URBasic_rtdeEvent - ERROR - Lost some RTDE at 172.316 - 10.000000000019327 milliseconds since last package
2024-11-26 23:56:56,889 - URBasic_realTimeClientEvent - ERROR - SendProgram: Program Stopped but not finiched!!!
2024-11-26 23:59:14,016 - URBasic_realTimeClientEvent - ERROR - sendProgram: Program not able to run
2024-11-26 23:59:14,725 - URBasic_realTimeClientEvent - ERROR - sendProgram: Program not able to run
2024-11-26 23:59:49,140 - URBasic_rtdeEvent - ERROR - Lost some RTDE at 53.312 - 9.99999999999801 milliseconds since last package
2024-11-26 23:59:52,296 - URBasic_realTimeClientEvent - ERROR - SendProgram: Program Stopped but not finiched!!!
2024-11-27 00:00:09,304 - URBasic_realTimeClientEvent - ERROR - SendProgram: Program Stopped but not finiched!!!
2024-11-27 00:00:13,974 - URBasic_realTimeClientEvent - ERROR - SendProgram: Program Stopped but not finiched!!!
2024-11-27 00:00:58,306 - URBasic_realTimeClientEvent - ERROR - SendProgram: Program Stopped but not finiched!!!
2024-11-27 00:01:31,879 - URBasic_rtdeEvent - ERROR - Lost some RTDE at 136.528 - 9.999999999990905 milliseconds since last package
2024-11-27 00:01:38,880 - URBasic_rtdeEvent - ERROR - Lost some RTDE at 142.31199999999998 - 9.999999999990905 milliseconds since last package
2024-11-27 00:02:33,878 - URBasic_rtdeEvent - ERROR - Lost some RTDE at 187.352 - 10.000000000019327 milliseconds since last package
2024-11-27 00:02:56,878 - URBasic_rtdeEvent - ERROR - Lost some RTDE at 206.31199999999998 - 9.999999999990905 milliseconds since last package
2024-11-27 00:03:59,879 - URBasic_rtdeEvent - ERROR - Lost some RTDE at 257.69599999999997 - 9.999999999990905 milliseconds since last package
2024-11-27 00:28:45,881 - URBasic_rtdeEvent - ERROR - Lost some RTDE at 93.78999999999999 - 9.999999999990905 milliseconds since last package
2024-11-27 00:29:23,878 - URBasic_rtdeEvent - ERROR - Lost some RTDE at 122.86999999999999 - 9.999999999990905 milliseconds since last package
2024-11-27 00:30:28,878 - URBasic_rtdeEvent - ERROR - Lost some RTDE at 179.742 - 9.999999999990905 milliseconds since last package
2024-11-27 00:30:31,877 - URBasic_rtdeEvent - ERROR - Lost some RTDE at 182.36599999999999 - 9.999999999990905 milliseconds since last package
2024-11-27 00:30:46,881 - URBasic_rtdeEvent - ERROR - Lost some RTDE at 195.24599999999998 - 9.999999999990905 milliseconds since last package
2024-11-27 00:35:13,882 - URBasic_rtdeEvent - ERROR - Lost some RTDE at 426.58599999999996 - 9.999999999990905 milliseconds since last package
2024-11-27 00:38:45,882 - URBasic_rtdeEvent - ERROR - Lost some RTDE at 610.946 - 10.000000000104592 milliseconds since last package
2024-11-27 00:40:39,880 - URBasic_rtdeEvent - ERROR - Lost some RTDE at 704.2439999999999 - 9.999999999990905 milliseconds since last package
2024-11-27 00:44:14,878 - URBasic_rtdeEvent - ERROR - Lost some RTDE at 895.034 - 9.999999999990905 milliseconds since last package
2024-11-27 00:44:34,880 - URBasic_rtdeEvent - ERROR - Lost some RTDE at 911.554 - 9.999999999990905 milliseconds since last package
2024-11-27 00:44:51,880 - URBasic_rtdeEvent - ERROR - Lost some RTDE at 924.9219999999999 - 9.999999999990905 milliseconds since last package
2024-11-27 00:46:17,881 - URBasic_rtdeEvent - ERROR - Lost some RTDE at 999.198 - 9.999999999990905 milliseconds since last package
2024-11-27 00:52:07,878 - URBasic_rtdeEvent - ERROR - Lost some RTDE at 1307.6879999999999 - 9.999999999990905 milliseconds since last package
2024-11-27 00:53:10,880 - URBasic_rtdeEvent - ERROR - Lost some RTDE at 1362.3519999999999 - 9.999999999990905 milliseconds since last package
2024-11-27 01:38:25,679 - URBasic_rtdeEvent - ERROR - Lost some RTDE at 56.604 - 10.000000000005116 milliseconds since last package
2024-11-27 14:25:01,647 - URBasic_rtdeEvent - ERROR - Lost some RTDE at 768.9979999999999 - 9.999999999990905 milliseconds since last package
2024-11-27 14:25:12,646 - URBasic_rtdeEvent - ERROR - Lost some RTDE at 777.862 - 9.999999999990905 milliseconds since last package
2024-11-27 14:25:42,932 - URBasic_rtdeEvent - ERROR - Lost some RTDE at 802.612 - 9.999999999990905 milliseconds since last package
2024-11-27 14:25:43,264 - URBasic_rtdeEvent - ERROR - Lost some RTDE at 802.8919999999999 - 9.999999999990905 milliseconds since last package
2024-11-27 14:25:53,645 - URBasic_rtdeEvent - ERROR - Lost some RTDE at 811.4119999999999 - 9.999999999990905 milliseconds since last package
2024-11-27 14:26:01,213 - URBasic_rtdeEvent - ERROR - Lost some RTDE at 817.2679999999999 - 9.999999999990905 milliseconds since last package
2024-11-27 14:26:02,996 - URBasic_rtdeEvent - ERROR - Lost some RTDE at 818.4119999999999 - 9.999999999990905 milliseconds since last package
2024-11-27 14:26:03,495 - URBasic_rtdeEvent - ERROR - Lost some RTDE at 818.684 - 9.999999999990905 milliseconds since last package
2024-11-27 14:26:03,650 - URBasic_rtdeEvent - ERROR - Lost some RTDE at 818.764 - 9.999999999990905 milliseconds since last package
2024-11-27 14:26:06,115 - URBasic_rtdeEvent - ERROR - Lost some RTDE at 820.3159999999999 - 9.999999999990905 milliseconds since last package
2024-11-27 14:26:06,526 - URBasic_rtdeEvent - ERROR - Lost some RTDE at 820.564 - 9.999999999990905 milliseconds since last package
2024-11-27 14:26:08,910 - URBasic_rtdeEvent - ERROR - Lost some RTDE at 822.14 - 9.999999999990905 milliseconds since last package
2024-11-27 14:26:14,898 - URBasic_rtdeEvent - ERROR - Lost some RTDE at 825.7479999999999 - 9.999999999990905 milliseconds since last package
2024-11-27 14:26:15,805 - URBasic_rtdeEvent - ERROR - Lost some RTDE at 826.332 - 9.999999999990905 milliseconds since last package
2024-11-27 14:26:19,358 - URBasic_rtdeEvent - ERROR - Lost some RTDE at 828.4839999999999 - 9.999999999990905 milliseconds since last package
2024-11-27 14:26:20,879 - URBasic_rtdeEvent - ERROR - Lost some RTDE at 829.332 - 9.999999999990905 milliseconds since last package
2024-11-27 14:26:21,526 - URBasic_rtdeEvent - ERROR - Lost some RTDE at 829.7479999999999 - 9.999999999990905 milliseconds since last package
2024-11-27 14:26:22,566 - URBasic_rtdeEvent - ERROR - Lost some RTDE at 830.38 - 9.999999999990905 milliseconds since last package
2024-11-27 14:26:25,180 - URBasic_rtdeEvent - ERROR - Lost some RTDE at 832.084 - 9.999999999990905 milliseconds since last package
2024-11-27 14:26:26,804 - URBasic_rtdeEvent - ERROR - Lost some RTDE at 833.156 - 9.999999999990905 milliseconds since last package
2024-11-27 14:27:55,646 - URBasic_rtdeEvent - ERROR - Lost some RTDE at 907.516 - 9.999999999990905 milliseconds since last package
2024-11-27 14:28:05,647 - URBasic_rtdeEvent - ERROR - Lost some RTDE at 915.9639999999999 - 9.999999999990905 milliseconds since last package
2024-11-27 14:28:34,645 - URBasic_rtdeEvent - ERROR - Lost some RTDE at 940.596 - 9.999999999990905 milliseconds since last package
2024-11-27 14:29:03,644 - URBasic_rtdeEvent - ERROR - Lost some RTDE at 965.356 - 9.999999999990905 milliseconds since last package
2024-11-27 14:29:04,387 - URBasic_rtdeEvent - ERROR - Lost some RTDE at 965.9879999999999 - 9.999999999990905 milliseconds since last package
2024-11-27 14:29:31,643 - URBasic_rtdeEvent - ERROR - Lost some RTDE at 989.3159999999999 - 9.999999999990905 milliseconds since last package
2024-11-27 14:29:38,647 - URBasic_rtdeEvent - ERROR - Lost some RTDE at 995.236 - 9.999999999990905 milliseconds since last package
2024-11-27 14:31:30,645 - URBasic_rtdeEvent - ERROR - Lost some RTDE at 1090.988 - 10.000000000218279 milliseconds since last package
2024-11-27 14:31:37,643 - URBasic_rtdeEvent - ERROR - Lost some RTDE at 1096.964 - 9.999999999990905 milliseconds since last package
2024-11-27 14:32:01,644 - URBasic_rtdeEvent - ERROR - Lost some RTDE at 1117.46 - 9.999999999990905 milliseconds since last package
2024-11-27 14:32:02,645 - URBasic_rtdeEvent - ERROR - Lost some RTDE at 1118.316 - 9.999999999990905 milliseconds since last package
2024-11-27 14:32:21,645 - URBasic_rtdeEvent - ERROR - Lost some RTDE at 1134.604 - 9.999999999990905 milliseconds since last package
2024-11-27 14:32:48,643 - URBasic_rtdeEvent - ERROR - Lost some RTDE at 1157.74 - 9.999999999990905 milliseconds since last package
2024-11-27 14:33:15,644 - URBasic_rtdeEvent - ERROR - Lost some RTDE at 1180.828 - 9.999999999990905 milliseconds since last package
2024-11-27 14:33:31,644 - URBasic_rtdeEvent - ERROR - Lost some RTDE at 1194.444 - 9.999999999990905 milliseconds since last package
2024-11-27 14:34:06,646 - URBasic_rtdeEvent - ERROR - Lost some RTDE at 1224.1399999999999 - 9.999999999990905 milliseconds since last package
2024-11-27 14:35:01,644 - URBasic_rtdeEvent - ERROR - Lost some RTDE at 1271.26 - 9.999999999990905 milliseconds since last package
2024-11-27 14:35:55,645 - URBasic_rtdeEvent - ERROR - Lost some RTDE at 1317.572 - 9.999999999990905 milliseconds since last package
2024-11-27 14:36:01,644 - URBasic_rtdeEvent - ERROR - Lost some RTDE at 1322.7079999999999 - 9.999999999990905 milliseconds since last package
2024-11-27 14:37:18,646 - URBasic_rtdeEvent - ERROR - Lost some RTDE at 1388.692 - 9.999999999990905 milliseconds since last package
2024-11-27 14:37:49,644 - URBasic_rtdeEvent - ERROR - Lost some RTDE at 1415.196 - 9.999999999990905 milliseconds since last package
2024-11-27 14:38:43,647 - URBasic_rtdeEvent - ERROR - Lost some RTDE at 1461.0839999999998 - 9.999999999990905 milliseconds since last package
2024-11-27 14:39:04,646 - URBasic_rtdeEvent - ERROR - Lost some RTDE at 1478.252 - 9.999999999990905 milliseconds since last package
2024-11-27 19:36:17,145 - URBasic_rtdeEvent - ERROR - Lost some RTDE at 68.90599999999999 - 9.999999999990905 milliseconds since last package
2024-11-27 19:38:30,146 - URBasic_rtdeEvent - ERROR - Lost some RTDE at 183.48999999999998 - 9.999999999990905 milliseconds since last package
2024-11-27 19:42:39,145 - URBasic_rtdeEvent - ERROR - Lost some RTDE at 402.662 - 9.999999999990905 milliseconds since last package
2024-11-27 19:43:08,146 - URBasic_rtdeEvent - ERROR - Lost some RTDE at 427.95 - 9.999999999990905 milliseconds since last package
2024-11-27 19:44:59,148 - URBasic_rtdeEvent - ERROR - Lost some RTDE at 525.244 - 10.000000000104592 milliseconds since last package
2024-11-27 19:45:23,148 - URBasic_rtdeEvent - ERROR - Lost some RTDE at 544.02 - 9.999999999990905 milliseconds since last package
2024-11-27 19:45:25,149 - URBasic_rtdeEvent - ERROR - Lost some RTDE at 545.564 - 9.999999999990905 milliseconds since last package
2024-11-27 19:45:41,397 - URBasic_realTimeClientEvent - ERROR - SendProgram: Program Stopped but not finiched!!!
2024-12-01 17:45:25,396 - URBasic_realTimeClientEvent - ERROR - RTC connecting
2024-12-01 17:45:26,398 - URBasic_realTimeClientEvent - ERROR - RTC connecting
2024-12-01 17:45:27,398 - URBasic_realTimeClientEvent - ERROR - RTC connecting
2024-12-01 17:45:28,399 - URBasic_realTimeClientEvent - ERROR - RTC connecting
2024-12-01 17:45:29,400 - URBasic_realTimeClientEvent - ERROR - RTC connecting
2024-12-01 17:45:30,400 - URBasic_realTimeClientEvent - ERROR - RTC connecting
2024-12-01 17:45:31,401 - URBasic_realTimeClientEvent - ERROR - RTC connecting
2024-12-01 17:45:32,402 - URBasic_realTimeClientEvent - ERROR - RTC connecting
2024-12-01 17:45:33,402 - URBasic_realTimeClientEvent - ERROR - RTC connecting
2024-12-01 17:45:34,402 - URBasic_realTimeClientEvent - ERROR - RTC connecting
2024-12-01 17:45:35,403 - URBasic_realTimeClientEvent - ERROR - RTC connecting
2024-12-01 17:45:36,403 - URBasic_realTimeClientEvent - ERROR - RTC connecting
2024-12-01 17:45:37,405 - URBasic_realTimeClientEvent - ERROR - RTC connecting
2024-12-01 17:45:38,406 - URBasic_realTimeClientEvent - ERROR - RTC connecting
2024-12-01 17:45:39,407 - URBasic_realTimeClientEvent - ERROR - RTC connecting
2024-12-01 17:45:40,408 - URBasic_realTimeClientEvent - ERROR - RTC connecting
2024-12-01 17:45:41,408 - URBasic_realTimeClientEvent - ERROR - RTC connecting
2024-12-01 17:45:42,409 - URBasic_realTimeClientEvent - ERROR - RTC connecting
2024-12-01 17:45:43,409 - URBasic_realTimeClientEvent - ERROR - RTC connecting
2024-12-01 17:45:44,409 - URBasic_realTimeClientEvent - ERROR - RTC connecting
2024-12-01 17:45:45,410 - URBasic_realTimeClientEvent - ERROR - RTC connecting
2024-12-01 17:45:46,411 - URBasic_realTimeClientEvent - ERROR - RTC connecting
2024-12-01 17:45:47,411 - URBasic_realTimeClientEvent - ERROR - RTC connecting
2024-12-01 17:45:48,412 - URBasic_realTimeClientEvent - ERROR - RTC connecting
2024-12-01 17:45:49,412 - URBasic_realTimeClientEvent - ERROR - RTC connecting
2024-12-01 17:45:50,413 - URBasic_realTimeClientEvent - ERROR - RTC connecting
2024-12-01 17:45:51,414 - URBasic_realTimeClientEvent - ERROR - RTC connecting
2024-12-01 17:45:52,414 - URBasic_realTimeClientEvent - ERROR - RTC connecting
2024-12-01 17:45:53,414 - URBasic_realTimeClientEvent - ERROR - RTC connecting
2024-12-01 17:45:54,415 - URBasic_realTimeClientEvent - ERROR - RTC connecting
2024-12-01 17:45:55,415 - URBasic_realTimeClientEvent - ERROR - RTC connecting
2024-12-01 17:45:56,415 - URBasic_realTimeClientEvent - ERROR - RTC connecting
2024-12-01 17:45:57,416 - URBasic_realTimeClientEvent - ERROR - RTC connecting
2024-12-01 17:45:58,417 - URBasic_realTimeClientEvent - ERROR - RTC connecting
2024-12-01 17:45:59,418 - URBasic_realTimeClientEvent - ERROR - RTC connecting
2024-12-01 17:46:00,419 - URBasic_realTimeClientEvent - ERROR - RTC connecting
2024-12-01 17:46:01,419 - URBasic_realTimeClientEvent - ERROR - RTC connecting
2024-12-01 17:46:02,421 - URBasic_realTimeClientEvent - ERROR - RTC connecting
2024-12-01 17:46:03,422 - URBasic_realTimeClientEvent - ERROR - RTC connecting
2024-12-01 17:46:04,422 - URBasic_realTimeClientEvent - ERROR - RTC connecting
2024-12-01 17:46:05,423 - URBasic_realTimeClientEvent - ERROR - RTC connecting
2024-12-01 17:46:06,423 - URBasic_realTimeClientEvent - ERROR - RTC connecting
2024-12-01 17:46:07,424 - URBasic_realTimeClientEvent - ERROR - RTC connecting
2024-12-01 17:46:08,424 - URBasic_realTimeClientEvent - ERROR - RTC connecting
2024-12-01 17:46:09,425 - URBasic_realTimeClientEvent - ERROR - RTC connecting
2024-12-01 17:46:10,425 - URBasic_realTimeClientEvent - ERROR - RTC connecting
2024-12-01 17:46:11,426 - URBasic_realTimeClientEvent - ERROR - RTC connecting
2024-12-01 17:46:12,426 - URBasic_realTimeClientEvent - ERROR - RTC connecting
2024-12-01 17:46:13,428 - URBasic_realTimeClientEvent - ERROR - RTC connecting
2024-12-01 17:46:14,428 - URBasic_realTimeClientEvent - ERROR - RTC connecting
2024-12-01 17:46:15,429 - URBasic_realTimeClientEvent - ERROR - RTC connecting
2024-12-01 17:46:16,430 - URBasic_realTimeClientEvent - ERROR - RTC connecting
2024-12-01 17:46:17,430 - URBasic_realTimeClientEvent - ERROR - RTC connecting
2024-12-01 17:46:18,430 - URBasic_realTimeClientEvent - ERROR - RTC connecting
2024-12-01 17:46:19,430 - URBasic_realTimeClientEvent - ERROR - RTC connecting
2024-12-01 17:46:20,431 - URBasic_realTimeClientEvent - ERROR - RTC connecting
2024-12-01 17:46:21,433 - URBasic_realTimeClientEvent - ERROR - RTC connecting
2024-12-01 17:46:22,443 - URBasic_realTimeClientEvent - ERROR - RTC connecting
2024-12-01 17:46:23,444 - URBasic_realTimeClientEvent - ERROR - RTC connecting
2024-12-01 17:46:24,460 - URBasic_realTimeClientEvent - ERROR - RTC connecting
2024-12-01 17:46:26,469 - URBasic_dashboardEvent - ERROR - Dashboard connecting
2024-12-01 17:46:28,470 - URBasic_dashboardEvent - ERROR - Dashboard connecting
2024-12-01 17:46:30,481 - URBasic_dashboardEvent - ERROR - Dashboard connecting
2024-12-01 17:46:32,494 - URBasic_dashboardEvent - ERROR - Dashboard connecting
2024-12-01 17:46:34,504 - URBasic_dashboardEvent - ERROR - Dashboard connecting
2024-12-01 17:46:36,517 - URBasic_dashboardEvent - ERROR - Dashboard connecting
2024-12-01 17:46:38,523 - URBasic_dashboardEvent - ERROR - Dashboard connecting
2024-12-01 17:46:40,525 - URBasic_dashboardEvent - ERROR - Dashboard connecting
2024-12-01 17:46:42,526 - URBasic_dashboardEvent - ERROR - Dashboard connecting
2024-12-01 17:46:44,528 - URBasic_dashboardEvent - ERROR - Dashboard connecting
2024-12-01 17:46:46,538 - URBasic_dashboardEvent - ERROR - Dashboard connecting
2024-12-01 17:46:48,549 - URBasic_dashboardEvent - ERROR - Dashboard connecting
2024-12-01 17:46:50,552 - URBasic_dashboardEvent - ERROR - Dashboard connecting
2024-12-01 17:46:52,554 - URBasic_dashboardEvent - ERROR - Dashboard connecting
2024-12-01 17:51:53,830 - URBasic_rtdeEvent - ERROR - Lost some RTDE at 73.17 - 10.000000000005116 milliseconds since last package
2024-12-01 17:52:56,102 - URBasic_rtdeEvent - ERROR - Lost some RTDE at 124.268 - 10.000000000005116 milliseconds since last package
2024-12-01 17:54:11,517 - URBasic_realTimeClientEvent - ERROR - SendProgram: Program Stopped but not finiched!!!
2024-12-01 17:55:13,951 - URBasic_realTimeClientEvent - ERROR - SendProgram: Program Stopped but not finiched!!!
2024-12-02 22:21:04,618 - URBasic_rtdeEvent - ERROR - Lost some RTDE at 263.836 - 10.000000000047748 milliseconds since last package
2024-12-02 22:21:17,982 - URBasic_rtdeEvent - ERROR - Lost some RTDE at 274.292 - 9.999999999990905 milliseconds since last package
2024-12-02 22:21:45,987 - URBasic_rtdeEvent - ERROR - Lost some RTDE at 295.82 - 9.999999999990905 milliseconds since last package
2024-12-02 22:22:14,807 - URBasic_rtdeEvent - ERROR - Lost some RTDE at 317.748 - 9.999999999990905 milliseconds since last package
2024-12-02 22:22:23,410 - URBasic_rtdeEvent - ERROR - Lost some RTDE at 324.412 - 9.999999999990905 milliseconds since last package
2024-12-02 22:22:24,983 - URBasic_rtdeEvent - ERROR - Lost some RTDE at 325.58 - 9.999999999990905 milliseconds since last package
2024-12-02 22:22:30,931 - URBasic_rtdeEvent - ERROR - Lost some RTDE at 330.14 - 9.999999999990905 milliseconds since last package
2024-12-02 22:22:40,947 - URBasic_rtdeEvent - ERROR - Lost some RTDE at 338.276 - 10.000000000047748 milliseconds since last package
2024-12-02 22:22:53,984 - URBasic_rtdeEvent - ERROR - Lost some RTDE at 348.82 - 9.999999999990905 milliseconds since last package
2024-12-02 22:23:02,951 - URBasic_rtdeEvent - ERROR - Lost some RTDE at 355.812 - 10.000000000047748 milliseconds since last package
2024-12-02 22:23:20,004 - URBasic_rtdeEvent - ERROR - Lost some RTDE at 369.412 - 9.999999999990905 milliseconds since last package
2024-12-02 22:23:59,218 - URBasic_rtdeEvent - ERROR - Lost some RTDE at 400.02799999999996 - 9.999999999990905 milliseconds since last package
2024-12-02 22:31:33,986 - URBasic_rtdeEvent - ERROR - Lost some RTDE at 767.1719999999999 - 9.999999999990905 milliseconds since last package
2024-12-02 23:17:12,808 - URBasic_rtdeEvent - ERROR - Lost some RTDE at 2890.766 - 10.000000000218279 milliseconds since last package
2024-12-02 23:17:14,006 - URBasic_rtdeEvent - ERROR - Lost some RTDE at 2891.638 - 10.000000000218279 milliseconds since last package
2024-12-02 23:17:18,952 - URBasic_rtdeEvent - ERROR - Lost some RTDE at 2895.248 - 12.000000000170985 milliseconds since last package
2024-12-02 23:17:19,161 - URBasic_rtdeEvent - ERROR - Lost some RTDE at 2895.406 - 10.000000000218279 milliseconds since last package
2024-12-02 23:17:22,174 - URBasic_rtdeEvent - ERROR - Lost some RTDE at 2897.6859999999997 - 9.999999999763531 milliseconds since last package
2024-12-02 23:17:48,174 - URBasic_rtdeEvent - ERROR - Lost some RTDE at 2917.582 - 10.000000000218279 milliseconds since last package
2024-12-02 23:17:55,173 - URBasic_rtdeEvent - ERROR - Lost some RTDE at 2923.334 - 9.999999999763531 milliseconds since last package
2024-12-02 23:19:02,272 - URBasic_rtdeEvent - ERROR - Lost some RTDE at 2978.7639999999997 - 9.999999999763531 milliseconds since last package
2024-12-02 23:19:10,392 - URBasic_rtdeEvent - ERROR - Lost some RTDE at 2985.4919999999997 - 9.999999999763531 milliseconds since last package
2024-12-02 23:19:30,172 - URBasic_rtdeEvent - ERROR - Lost some RTDE at 3001.732 - 10.000000000218279 milliseconds since last package
2024-12-02 23:22:50,631 - URBasic_rtdeEvent - ERROR - Lost some RTDE at 3169.816 - 9.999999999763531 milliseconds since last package
2024-12-02 23:23:07,172 - URBasic_rtdeEvent - ERROR - Lost some RTDE at 3183.2079999999996 - 9.999999999763531 milliseconds since last package
2024-12-02 23:58:22,176 - URBasic_rtdeEvent - ERROR - Lost some RTDE at 4920.936 - 10.000000000218279 milliseconds since last package
2024-12-02 23:58:23,169 - URBasic_rtdeEvent - ERROR - Lost some RTDE at 4921.7119999999995 - 9.999999999308784 milliseconds since last package
2024-12-03 16:08:13,219 - URBasic_rtdeEvent - ERROR - Lost some RTDE at 868.012 - 9.999999999990905 milliseconds since last package
2024-12-03 16:08:37,054 - URBasic_rtdeEvent - ERROR - Lost some RTDE at 887.228 - 9.999999999990905 milliseconds since last package
2024-12-03 16:08:47,218 - URBasic_rtdeEvent - ERROR - Lost some RTDE at 895.092 - 9.999999999990905 milliseconds since last package
2024-12-03 16:10:42,221 - URBasic_rtdeEvent - ERROR - Lost some RTDE at 989.9459999999999 - 9.999999999990905 milliseconds since last package
2024-12-03 16:10:48,215 - URBasic_rtdeEvent - ERROR - Lost some RTDE at 994.962 - 9.999999999990905 milliseconds since last package
2024-12-03 16:11:07,865 - URBasic_rtdeEvent - ERROR - Lost some RTDE at 1011.13 - 9.999999999990905 milliseconds since last package
2024-12-03 16:12:18,222 - URBasic_rtdeEvent - ERROR - Lost some RTDE at 1066.586 - 9.999999999990905 milliseconds since last package
2024-12-03 16:12:49,219 - URBasic_rtdeEvent - ERROR - Lost some RTDE at 1091.274 - 9.999999999990905 milliseconds since last package
2024-12-03 16:13:48,217 - URBasic_rtdeEvent - ERROR - Lost some RTDE at 1139.402 - 9.999999999990905 milliseconds since last package
2024-12-03 16:13:53,217 - URBasic_rtdeEvent - ERROR - Lost some RTDE at 1143.474 - 9.999999999990905 milliseconds since last package
2024-12-03 16:14:07,238 - URBasic_rtdeEvent - ERROR - Lost some RTDE at 1154.778 - 9.999999999990905 milliseconds since last package
2024-12-03 16:14:34,602 - URBasic_rtdeEvent - ERROR - Lost some RTDE at 1176.762 - 9.999999999990905 milliseconds since last package
2024-12-03 16:15:18,217 - URBasic_rtdeEvent - ERROR - Lost some RTDE at 1212.0739999999998 - 9.999999999990905 milliseconds since last package
2024-12-03 16:15:57,217 - URBasic_rtdeEvent - ERROR - Lost some RTDE at 1243.322 - 9.999999999990905 milliseconds since last package
2024-12-03 16:16:23,216 - URBasic_rtdeEvent - ERROR - Lost some RTDE at 1264.194 - 9.999999999990905 milliseconds since last package
2024-12-03 16:17:27,220 - URBasic_rtdeEvent - ERROR - Lost some RTDE at 1315.37 - 9.999999999990905 milliseconds since last package
2024-12-03 16:17:46,218 - URBasic_rtdeEvent - ERROR - Lost some RTDE at 1330.586 - 9.999999999990905 milliseconds since last package
2024-12-03 16:19:20,221 - URBasic_rtdeEvent - ERROR - Lost some RTDE at 1406.874 - 9.999999999990905 milliseconds since last package
2024-12-03 16:19:41,221 - URBasic_rtdeEvent - ERROR - Lost some RTDE at 1424.25 - 9.999999999990905 milliseconds since last package
2024-12-03 16:19:42,220 - URBasic_rtdeEvent - ERROR - Lost some RTDE at 1425.05 - 9.999999999990905 milliseconds since last package
2024-12-03 16:20:01,215 - URBasic_rtdeEvent - ERROR - Lost some RTDE at 1440.2659999999998 - 9.999999999990905 milliseconds since last package
2024-12-03 16:21:23,217 - URBasic_rtdeEvent - ERROR - Lost some RTDE at 1508.722 - 9.999999999990905 milliseconds since last package
2024-12-03 16:21:43,220 - URBasic_rtdeEvent - ERROR - Lost some RTDE at 1525.09 - 9.999999999990905 milliseconds since last package
2024-12-03 16:22:34,608 - URBasic_rtdeEvent - ERROR - Lost some RTDE at 1567.21 - 10.000000000218279 milliseconds since last package
2024-12-03 16:22:49,215 - URBasic_rtdeEvent - ERROR - Lost some RTDE at 1578.9859999999999 - 9.999999999990905 milliseconds since last package
2024-12-03 16:23:29,217 - URBasic_rtdeEvent - ERROR - Lost some RTDE at 1611.908 - 9.999999999990905 milliseconds since last package
2024-12-03 16:35:10,220 - URBasic_rtdeEvent - ERROR - Lost some RTDE at 2197.618 - 10.000000000218279 milliseconds since last package
2024-12-03 16:35:37,219 - URBasic_rtdeEvent - ERROR - Lost some RTDE at 2218.834 - 9.999999999763531 milliseconds since last package
2024-12-03 16:36:00,449 - URBasic_rtdeEvent - ERROR - Lost some RTDE at 2237.3379999999997 - 9.999999999763531 milliseconds since last package
2024-12-03 17:20:51,035 - URBasic_rtdeEvent - ERROR - Lost some RTDE at 35.978 - 10.000000000005116 milliseconds since last package
2024-12-03 17:21:36,826 - URBasic_rtdeEvent - ERROR - Lost some RTDE at 71.586 - 10.000000000005116 milliseconds since last package
2024-12-03 17:21:48,828 - URBasic_rtdeEvent - ERROR - Lost some RTDE at 80.914 - 10.000000000005116 milliseconds since last package
2024-12-03 17:22:12,020 - URBasic_rtdeEvent - ERROR - Lost some RTDE at 98.85799999999999 - 9.999999999990905 milliseconds since last package
2024-12-03 17:22:21,827 - URBasic_rtdeEvent - ERROR - Lost some RTDE at 106.75399999999999 - 9.999999999990905 milliseconds since last package
2024-12-03 17:22:58,830 - URBasic_rtdeEvent - ERROR - Lost some RTDE at 136.202 - 9.999999999990905 milliseconds since last package
2024-12-03 17:22:59,192 - URBasic_rtdeEvent - ERROR - Lost some RTDE at 136.46599999999998 - 9.999999999990905 milliseconds since last package
2024-12-03 17:23:23,680 - URBasic_rtdeEvent - ERROR - Lost some RTDE at 155.314 - 9.999999999990905 milliseconds since last package
2024-12-03 17:24:31,829 - URBasic_rtdeEvent - ERROR - Lost some RTDE at 209.09 - 10.000000000019327 milliseconds since last package
2024-12-03 17:24:39,829 - URBasic_rtdeEvent - ERROR - Lost some RTDE at 215.618 - 9.999999999990905 milliseconds since last package
2024-12-03 17:25:36,757 - URBasic_rtdeEvent - ERROR - Lost some RTDE at 262.378 - 9.999999999990905 milliseconds since last package
2024-12-03 17:26:18,826 - URBasic_rtdeEvent - ERROR - Lost some RTDE at 296.298 - 9.999999999990905 milliseconds since last package
2024-12-03 17:27:25,830 - URBasic_rtdeEvent - ERROR - Lost some RTDE at 350.65 - 9.999999999990905 milliseconds since last package
2024-12-03 17:27:50,831 - URBasic_rtdeEvent - ERROR - Lost some RTDE at 370.26599999999996 - 9.999999999990905 milliseconds since last package
2024-12-03 17:28:45,179 - URBasic_rtdeEvent - ERROR - Lost some RTDE at 413.042 - 9.999999999990905 milliseconds since last package
2024-12-03 17:29:22,032 - URBasic_rtdeEvent - ERROR - Lost some RTDE at 442.498 - 9.999999999990905 milliseconds since last package
2024-12-03 17:29:31,112 - URBasic_rtdeEvent - ERROR - Lost some RTDE at 449.13 - 9.999999999990905 milliseconds since last package
2024-12-03 17:30:09,827 - URBasic_rtdeEvent - ERROR - Lost some RTDE at 480.226 - 10.000000000047748 milliseconds since last package
2024-12-03 17:30:20,829 - URBasic_rtdeEvent - ERROR - Lost some RTDE at 489.24199999999996 - 9.999999999990905 milliseconds since last package
2024-12-03 17:32:47,550 - URBasic_rtdeEvent - ERROR - Lost some RTDE at 609.994 - 10.000000000104592 milliseconds since last package
2024-12-03 17:32:56,830 - URBasic_rtdeEvent - ERROR - Lost some RTDE at 617.4019999999999 - 9.999999999990905 milliseconds since last package
2024-12-03 17:33:40,827 - URBasic_rtdeEvent - ERROR - Lost some RTDE at 653.058 - 9.999999999990905 milliseconds since last package
2024-12-03 17:36:02,444 - URBasic_rtdeEvent - ERROR - Lost some RTDE at 769.0799999999999 - 9.999999999990905 milliseconds since last package
2024-12-03 17:36:06,828 - URBasic_rtdeEvent - ERROR - Lost some RTDE at 772.504 - 10.000000000104592 milliseconds since last package
2024-12-03 17:36:13,831 - URBasic_rtdeEvent - ERROR - Lost some RTDE at 778.0 - 9.999999999990905 milliseconds since last package
2024-12-03 17:36:18,396 - URBasic_rtdeEvent - ERROR - Lost some RTDE at 781.632 - 9.999999999990905 milliseconds since last package
2024-12-03 17:36:38,974 - URBasic_rtdeEvent - ERROR - Lost some RTDE at 797.6959999999999 - 9.999999999990905 milliseconds since last package
2024-12-03 17:37:27,872 - URBasic_rtdeEvent - ERROR - Lost some RTDE at 834.9359999999999 - 9.999999999990905 milliseconds since last package
2024-12-03 17:50:06,827 - URBasic_rtdeEvent - ERROR - Lost some RTDE at 1471.056 - 10.000000000218279 milliseconds since last package
2024-12-03 17:50:35,826 - URBasic_rtdeEvent - ERROR - Lost some RTDE at 1494.648 - 9.999999999990905 milliseconds since last package
2024-12-03 17:50:43,829 - URBasic_rtdeEvent - ERROR - Lost some RTDE at 1501.168 - 9.999999999990905 milliseconds since last package
2024-12-03 17:50:46,586 - URBasic_rtdeEvent - ERROR - Lost some RTDE at 1503.336 - 9.999999999990905 milliseconds since last package
2024-12-03 17:51:15,827 - URBasic_rtdeEvent - ERROR - Lost some RTDE at 1526.56 - 9.999999999990905 milliseconds since last package
2024-12-03 17:51:26,629 - URBasic_rtdeEvent - ERROR - Lost some RTDE at 1535.0159999999998 - 9.999999999990905 milliseconds since last package
2024-12-03 17:51:40,826 - URBasic_rtdeEvent - ERROR - Lost some RTDE at 1546.568 - 9.999999999990905 milliseconds since last package
2024-12-03 17:52:14,826 - URBasic_rtdeEvent - ERROR - Lost some RTDE at 1574.616 - 9.999999999990905 milliseconds since last package
2024-12-03 17:53:11,620 - URBasic_rtdeEvent - ERROR - Lost some RTDE at 1620.2079999999999 - 9.999999999990905 milliseconds since last package
2024-12-03 17:53:13,829 - URBasic_rtdeEvent - ERROR - Lost some RTDE at 1621.96 - 10.000000000218279 milliseconds since last package
2024-12-03 17:53:16,826 - URBasic_rtdeEvent - ERROR - Lost some RTDE at 1624.4399999999998 - 9.999999999990905 milliseconds since last package
2024-12-03 17:53:23,830 - URBasic_rtdeEvent - ERROR - Lost some RTDE at 1630.032 - 9.999999999990905 milliseconds since last package
2024-12-03 17:54:03,831 - URBasic_rtdeEvent - ERROR - Lost some RTDE at 1662.856 - 9.999999999990905 milliseconds since last package
2024-12-03 17:54:32,826 - URBasic_rtdeEvent - ERROR - Lost some RTDE at 1686.8 - 9.999999999990905 milliseconds since last package
2024-12-03 17:54:33,826 - URBasic_rtdeEvent - ERROR - Lost some RTDE at 1687.6319999999998 - 9.999999999990905 milliseconds since last package
2024-12-03 17:55:27,827 - URBasic_rtdeEvent - ERROR - Lost some RTDE at 1731.24 - 9.999999999990905 milliseconds since last package
2024-12-03 17:55:38,827 - URBasic_rtdeEvent - ERROR - Lost some RTDE at 1740.1999999999998 - 9.999999999990905 milliseconds since last package
2024-12-03 17:56:58,816 - URBasic_rtdeEvent - ERROR - Lost some RTDE at 1805.264 - 9.999999999990905 milliseconds since last package
2024-12-03 17:57:22,830 - URBasic_rtdeEvent - ERROR - Lost some RTDE at 1824.472 - 9.999999999990905 milliseconds since last package
2024-12-03 17:57:24,829 - URBasic_rtdeEvent - ERROR - Lost some RTDE at 1826.096 - 9.999999999990905 milliseconds since last package
2024-12-03 17:57:33,830 - URBasic_rtdeEvent - ERROR - Lost some RTDE at 1833.416 - 9.999999999990905 milliseconds since last package
2024-12-03 17:57:35,828 - URBasic_rtdeEvent - ERROR - Lost some RTDE at 1835.0159999999998 - 9.999999999990905 milliseconds since last package
2024-12-03 17:58:01,396 - URBasic_rtdeEvent - ERROR - Lost some RTDE at 1855.328 - 9.999999999990905 milliseconds since last package
2024-12-03 17:58:48,832 - URBasic_rtdeEvent - ERROR - Lost some RTDE at 1893.474 - 9.999999999990905 milliseconds since last package
2024-12-03 17:59:05,829 - URBasic_rtdeEvent - ERROR - Lost some RTDE at 1907.0179999999998 - 9.999999999990905 milliseconds since last package
2024-12-03 17:59:46,540 - URBasic_rtdeEvent - ERROR - Lost some RTDE at 1939.154 - 9.999999999990905 milliseconds since last package
2024-12-03 17:59:49,827 - URBasic_rtdeEvent - ERROR - Lost some RTDE at 1941.724 - 11.999999999943611 milliseconds since last package
2024-12-03 18:00:45,834 - URBasic_rtdeEvent - ERROR - Lost some RTDE at 1985.9379999999999 - 9.999999999990905 milliseconds since last package
2024-12-03 18:01:18,826 - URBasic_rtdeEvent - ERROR - Lost some RTDE at 2012.0819999999999 - 9.999999999990905 milliseconds since last package
2024-12-03 18:01:59,829 - URBasic_rtdeEvent - ERROR - Lost some RTDE at 2044.954 - 9.999999999990905 milliseconds since last package
2024-12-03 18:02:16,663 - URBasic_rtdeEvent - ERROR - Lost some RTDE at 2058.482 - 10.000000000218279 milliseconds since last package
2024-12-03 18:02:48,015 - URBasic_rtdeEvent - ERROR - Lost some RTDE at 2083.674 - 10.000000000218279 milliseconds since last package
2024-12-03 18:02:56,826 - URBasic_rtdeEvent - ERROR - Lost some RTDE at 2090.834 - 9.999999999763531 milliseconds since last package
2024-12-03 18:02:58,826 - URBasic_rtdeEvent - ERROR - Lost some RTDE at 2092.482 - 10.000000000218279 milliseconds since last package
2024-12-03 18:04:33,826 - URBasic_rtdeEvent - ERROR - Lost some RTDE at 2168.586 - 9.999999999763531 milliseconds since last package
2024-12-03 18:04:37,830 - URBasic_rtdeEvent - ERROR - Lost some RTDE at 2171.7619999999997 - 9.999999999763531 milliseconds since last package
2024-12-03 18:05:07,831 - URBasic_rtdeEvent - ERROR - Lost some RTDE at 2195.834 - 9.999999999763531 milliseconds since last package
2024-12-03 18:05:56,863 - URBasic_rtdeEvent - ERROR - Lost some RTDE at 2235.33 - 10.000000000218279 milliseconds since last package
2024-12-03 18:06:06,829 - URBasic_rtdeEvent - ERROR - Lost some RTDE at 2243.33 - 10.000000000218279 milliseconds since last package
2024-12-03 18:06:26,832 - URBasic_rtdeEvent - ERROR - Lost some RTDE at 2259.826 - 10.000000000218279 milliseconds since last package
2024-12-03 18:07:17,827 - URBasic_rtdeEvent - ERROR - Lost some RTDE at 2302.306 - 10.000000000218279 milliseconds since last package
2024-12-03 18:08:00,826 - URBasic_rtdeEvent - ERROR - Lost some RTDE at 2337.938 - 10.000000000218279 milliseconds since last package
2024-12-03 18:08:58,824 - URBasic_rtdeEvent - ERROR - Lost some RTDE at 2386.21 - 10.000000000218279 milliseconds since last package
2024-12-03 18:10:05,828 - URBasic_rtdeEvent - ERROR - Lost some RTDE at 2441.874 - 9.999999999763531 milliseconds since last package
2024-12-03 18:10:19,830 - URBasic_rtdeEvent - ERROR - Lost some RTDE at 2453.5699999999997 - 9.999999999763531 milliseconds since last package
2024-12-03 18:11:45,672 - URBasic_rtdeEvent - ERROR - Lost some RTDE at 2525.402 - 10.000000000218279 milliseconds since last package
2024-12-03 18:11:56,174 - URBasic_rtdeEvent - ERROR - Lost some RTDE at 2534.1459999999997 - 9.999999999763531 milliseconds since last package
2024-12-03 18:12:26,826 - URBasic_rtdeEvent - ERROR - Lost some RTDE at 2559.6099999999997 - 9.999999999763531 milliseconds since last package
2024-12-03 18:13:02,826 - URBasic_rtdeEvent - ERROR - Lost some RTDE at 2589.442 - 10.000000000218279 milliseconds since last package
2024-12-03 18:13:20,830 - URBasic_rtdeEvent - ERROR - Lost some RTDE at 2604.394 - 9.999999999763531 milliseconds since last package
2024-12-03 18:15:32,153 - URBasic_rtdeEvent - ERROR - Lost some RTDE at 2711.8019999999997 - 9.999999999763531 milliseconds since last package
2024-12-03 18:15:39,825 - URBasic_rtdeEvent - ERROR - Lost some RTDE at 2718.314 - 9.999999999763531 milliseconds since last package
2024-12-03 18:16:01,826 - URBasic_rtdeEvent - ERROR - Lost some RTDE at 2736.73 - 10.000000000218279 milliseconds since last package
2024-12-03 18:16:33,252 - URBasic_rtdeEvent - ERROR - Lost some RTDE at 2763.0499999999997 - 9.999999999763531 milliseconds since last package
2024-12-03 18:16:33,825 - URBasic_rtdeEvent - ERROR - Lost some RTDE at 2763.522 - 10.000000000218279 milliseconds since last package
